PASS src/hooks/__tests__/useAutosave.test.tsx
  ● Console

    console.warn
      [[useAutosave] conflict — rebasing local ops] { planId: 'p1', head: 9, error: 'autosave_conflict_retry' }

      16 | function log(level: LogLevel, context: string, ...args: unknown[]) {
      17 |   if (__DEV__) {
    > 18 |     console[level](`[${context}]`, ...args);
         |                   ^
      19 |   }
      20 |   // In production, could forward to Sentry breadcrumbs here
      21 | }

      at log (src/utils/logger.ts:18:19)
      at Object.log [as warn] (src/utils/logger.ts:25:50)
      at warn (src/hooks/useAutosave.ts:550:18)
          at Generator.throw (<anonymous>)
      at asyncGeneratorStep (node_modules/@babel/runtime/helpers/asyncToGenerator.js:3:17)
      at _throw (node_modules/@babel/runtime/helpers/asyncToGenerator.js:20:9)

    console.warn
      [[useAutosave] bootstrap stale-lock — syncing + rebasing local ops] { planId: 'p1', head: 9, error: 'autosave_lock_stale' }

      16 | function log(level: LogLevel, context: string, ...args: unknown[]) {
      17 |   if (__DEV__) {
    > 18 |     console[level](`[${context}]`, ...args);
         |                   ^
      19 |   }
      20 |   // In production, could forward to Sentry breadcrumbs here
      21 | }

      at log (src/utils/logger.ts:18:19)
      at Object.log [as warn] (src/utils/logger.ts:25:50)
      at warn (src/hooks/useAutosave.ts:550:18)
          at Generator.throw (<anonymous>)
      at asyncGeneratorStep (node_modules/@babel/runtime/helpers/asyncToGenerator.js:3:17)
      at _throw (node_modules/@babel/runtime/helpers/asyncToGenerator.js:20:9)

    console.warn
      [[useAutosave] conflict — rebasing local ops] { planId: 'p1', head: 9, error: 'autosave_lock_stale' }

      16 | function log(level: LogLevel, context: string, ...args: unknown[]) {
      17 |   if (__DEV__) {
    > 18 |     console[level](`[${context}]`, ...args);
         |                   ^
      19 |   }
      20 |   // In production, could forward to Sentry breadcrumbs here
      21 | }

      at log (src/utils/logger.ts:18:19)
      at Object.log [as warn] (src/utils/logger.ts:25:50)
      at warn (src/hooks/useAutosave.ts:550:18)
          at Generator.throw (<anonymous>)
      at asyncGeneratorStep (node_modules/@babel/runtime/helpers/asyncToGenerator.js:3:17)
      at _throw (node_modules/@babel/runtime/helpers/asyncToGenerator.js:20:9)

    console.warn
      [[useAutosave] bootstrap stale-lock — syncing + rebasing local ops] { planId: 'p1', head: 5, error: 'autosave_lock_stale' }

      16 | function log(level: LogLevel, context: string, ...args: unknown[]) {
      17 |   if (__DEV__) {
    > 18 |     console[level](`[${context}]`, ...args);
         |                   ^
      19 |   }
      20 |   // In production, could forward to Sentry breadcrumbs here
      21 | }

      at log (src/utils/logger.ts:18:19)
      at Object.log [as warn] (src/utils/logger.ts:25:50)
      at warn (src/hooks/useAutosave.ts:550:18)
          at Generator.throw (<anonymous>)
      at asyncGeneratorStep (node_modules/@babel/runtime/helpers/asyncToGenerator.js:3:17)
      at _throw (node_modules/@babel/runtime/helpers/asyncToGenerator.js:20:9)

    console.warn
      [[useAutosave] bootstrap stale-lock — syncing + rebasing local ops] { planId: 'p1', head: 6, error: 'autosave_lock_stale' }

      16 | function log(level: LogLevel, context: string, ...args: unknown[]) {
      17 |   if (__DEV__) {
    > 18 |     console[level](`[${context}]`, ...args);
         |                   ^
      19 |   }
      20 |   // In production, could forward to Sentry breadcrumbs here
      21 | }

      at log (src/utils/logger.ts:18:19)
      at Object.log [as warn] (src/utils/logger.ts:25:50)
      at warn (src/hooks/useAutosave.ts:550:18)
          at Generator.throw (<anonymous>)
      at asyncGeneratorStep (node_modules/@babel/runtime/helpers/asyncToGenerator.js:3:17)
      at _throw (node_modules/@babel/runtime/helpers/asyncToGenerator.js:20:9)

    console.warn
      [[useAutosave] flush deferred (offline/server)] { planId: 'p1', kind: 'network', attempt: 0 }

      16 | function log(level: LogLevel, context: string, ...args: unknown[]) {
      17 |   if (__DEV__) {
    > 18 |     console[level](`[${context}]`, ...args);
         |                   ^
      19 |   }
      20 |   // In production, could forward to Sentry breadcrumbs here
      21 | }

      at log (src/utils/logger.ts:18:19)
      at Object.log [as warn] (src/utils/logger.ts:25:50)
      at warn (src/hooks/useAutosave.ts:590:18)
          at Generator.throw (<anonymous>)
      at asyncGeneratorStep (node_modules/@babel/runtime/helpers/asyncToGenerator.js:3:17)
      at _throw (node_modules/@babel/runtime/helpers/asyncToGenerator.js:20:9)

    console.warn
      [[useAutosave] flush deferred (offline/server)] { planId: 'p1', kind: 'network', attempt: 0 }

      16 | function log(level: LogLevel, context: string, ...args: unknown[]) {
      17 |   if (__DEV__) {
    > 18 |     console[level](`[${context}]`, ...args);
         |                   ^
      19 |   }
      20 |   // In production, could forward to Sentry breadcrumbs here
      21 | }

      at log (src/utils/logger.ts:18:19)
      at Object.log [as warn] (src/utils/logger.ts:25:50)
      at warn (src/hooks/useAutosave.ts:590:18)
          at Generator.throw (<anonymous>)
      at asyncGeneratorStep (node_modules/@babel/runtime/helpers/asyncToGenerator.js:3:17)
      at _throw (node_modules/@babel/runtime/helpers/asyncToGenerator.js:20:9)

    console.warn
      [[useAutosave] flush deferred (offline/server)] { planId: 'p1', kind: 'network', attempt: 0 }

      16 | function log(level: LogLevel, context: string, ...args: unknown[]) {
      17 |   if (__DEV__) {
    > 18 |     console[level](`[${context}]`, ...args);
         |                   ^
      19 |   }
      20 |   // In production, could forward to Sentry breadcrumbs here
      21 | }

      at log (src/utils/logger.ts:18:19)
      at Object.log [as warn] (src/utils/logger.ts:25:50)
      at warn (src/hooks/useAutosave.ts:590:18)
          at Generator.throw (<anonymous>)
      at asyncGeneratorStep (node_modules/@babel/runtime/helpers/asyncToGenerator.js:3:17)
      at _throw (node_modules/@babel/runtime/helpers/asyncToGenerator.js:20:9)

PASS src/api/__tests__/workoutAutosaveApi.test.ts
PASS src/__tests__/coachWorkoutBuilderAutosave.test.tsx
  ● Console

    console.error
      [[useAutosave] flush rejected] { planId: 'plan-1', kind: 'unknown' }

      16 | function log(level: LogLevel, context: string, ...args: unknown[]) {
      17 |   if (__DEV__) {
    > 18 |     console[level](`[${context}]`, ...args);
         |                   ^
      19 |   }
      20 |   // In production, could forward to Sentry breadcrumbs here
      21 | }

      at log (src/utils/logger.ts:18:19)
      at Object.log [as error] (src/utils/logger.ts:26:51)
      at error (src/hooks/useAutosave.ts:606:16)
      at asyncGeneratorStep (node_modules/@babel/runtime/helpers/asyncToGenerator.js:3:17)
      at _next (node_modules/@babel/runtime/helpers/asyncToGenerator.js:17:9)

    console.error
      [[useAutosave] flush rejected] { planId: 'plan-1', kind: 'unknown' }

      16 | function log(level: LogLevel, context: string, ...args: unknown[]) {
      17 |   if (__DEV__) {
    > 18 |     console[level](`[${context}]`, ...args);
         |                   ^
      19 |   }
      20 |   // In production, could forward to Sentry breadcrumbs here
      21 | }

      at log (src/utils/logger.ts:18:19)
      at Object.log [as error] (src/utils/logger.ts:26:51)
      at error (src/hooks/useAutosave.ts:606:16)
      at asyncGeneratorStep (node_modules/@babel/runtime/helpers/asyncToGenerator.js:3:17)
      at _next (node_modules/@babel/runtime/helpers/asyncToGenerator.js:17:9)

    console.error
      [[useAutosave] flush rejected] { planId: 'plan-1', kind: 'unknown' }

      16 | function log(level: LogLevel, context: string, ...args: unknown[]) {
      17 |   if (__DEV__) {
    > 18 |     console[level](`[${context}]`, ...args);
         |                   ^
      19 |   }
      20 |   // In production, could forward to Sentry breadcrumbs here
      21 | }

      at log (src/utils/logger.ts:18:19)
      at Object.log [as error] (src/utils/logger.ts:26:51)
      at error (src/hooks/useAutosave.ts:606:16)
      at asyncGeneratorStep (node_modules/@babel/runtime/helpers/asyncToGenerator.js:3:17)
      at _next (node_modules/@babel/runtime/helpers/asyncToGenerator.js:17:9)

    console.error
      [[useAutosave] flush rejected] { planId: 'plan-1', kind: 'unknown' }

      16 | function log(level: LogLevel, context: string, ...args: unknown[]) {
      17 |   if (__DEV__) {
    > 18 |     console[level](`[${context}]`, ...args);
         |                   ^
      19 |   }
      20 |   // In production, could forward to Sentry breadcrumbs here
      21 | }

      at log (src/utils/logger.ts:18:19)
      at Object.log [as error] (src/utils/logger.ts:26:51)
      at error (src/hooks/useAutosave.ts:606:16)
      at asyncGeneratorStep (node_modules/@babel/runtime/helpers/asyncToGenerator.js:3:17)
      at _next (node_modules/@babel/runtime/helpers/asyncToGenerator.js:17:9)

PASS src/screens/coach/__tests__/workoutBuilderAutosaveDiff.test.ts

Test Suites: 4 passed, 4 total
Tests:       54 passed, 54 total
Snapshots:   0 total
Time:        2.751 s
Ran all test suites matching /src\/hooks\/__tests__\/useAutosave.test.tsx|src\/__tests__\/coachWorkoutBuilderAutosave.test.tsx|src\/api\/__tests__\/workoutAutosaveApi.test.ts|src\/screens\/coach\/__tests__\/workoutBuilderAutosaveDiff.test.ts/i.
