PASS src/screens/community/__tests__/coachCommunityScreens.test.tsx (50.974 s)
PASS src/__tests__/CoachPackageContentsScreen.test.tsx (6.292 s)
PASS src/__tests__/BrandedCheckoutWebViewScreen.test.tsx
PASS src/__tests__/paymentsConnectPackages.test.ts
PASS src/screens/client/wearables/__tests__/ClientWearableInsightPanel.test.tsx
PASS src/__tests__/deliverablesScreen.test.tsx
PASS src/__tests__/purchaseUnpackScreen.test.tsx
PASS src/__tests__/syncEngine.test.ts
PASS src/screens/client/__tests__/ActiveWorkoutScreen.persistence.test.tsx
PASS scripts/__tests__/validateAppConfig.test.js
PASS src/api/__tests__/paymentsApi.test.ts
PASS src/api/coachCommunityApi.test.ts
PASS src/screens/coach/__tests__/CreditPackCheckoutScreen.SuccessReceipt.test.tsx
PASS src/__tests__/coachTeamP0Blockers.test.tsx
PASS src/__tests__/invitesApi.test.ts
PASS src/screens/day-one/__tests__/day1OnboardingScreens.test.tsx
PASS src/__tests__/commandCenterScreens.test.tsx
PASS src/__tests__/tgpCharts.test.tsx
PASS src/__tests__/PushConfirmModal.test.tsx
PASS src/components/community/__tests__/CoachAckBadge.test.tsx
PASS src/services/__tests__/aiGatewayClient.test.ts
PASS src/__tests__/notificationCenter.test.tsx
PASS src/screens/coach/client-detail/__tests__/WearableInsightPanel.test.tsx
PASS src/api/__tests__/romanApi.test.ts
PASS src/screens/coach/__tests__/ClientMessagesScreen.integration.test.tsx
PASS src/api/__tests__/communityApi.test.ts
PASS src/__tests__/rootNavigatorAcceptLink.test.tsx (5.185 s)
PASS src/screens/settings/__tests__/DeleteAccountScreen.test.tsx
PASS src/__tests__/RiskBoardScreen.test.tsx
PASS src/__tests__/coachAi.test.tsx
PASS src/__tests__/ContentAttachForm.test.tsx
PASS src/__tests__/coachSaasBlockers.test.ts
PASS src/services/__tests__/api.refresh.test.ts
PASS src/hooks/useWearablePreference.test.tsx
PASS src/screens/community/__tests__/coachCommunityEmptyStateContract.integration.test.tsx
PASS src/services/__tests__/authActions.test.ts
PASS src/hooks/__tests__/useCommunity.test.tsx
PASS src/api/wearablesSamplesApi.test.ts
PASS src/hooks/__tests__/useCoachAckActions.test.tsx
PASS src/__tests__/wave11Screens.test.tsx
PASS src/services/__tests__/apiClients.test.ts
PASS src/services/health/healthConnect/__tests__/healthConnectNormalizer.test.ts
PASS src/services/health/samsungHealth/__tests__/samsungHealthSyncService.test.ts
PASS src/api/__tests__/coachAiExecutionApi.test.ts
PASS src/services/health/healthkit/__tests__/healthKitNormalizer.test.ts
PASS src/screens/community/__tests__/communityScreens.test.tsx
PASS src/__tests__/coachLtvDashboard.test.tsx
PASS src/services/health/samsungHealth/__tests__/samsungHealthNormalizer.test.ts
PASS src/screens/client/wearables/__tests__/recoveryData.test.ts
PASS src/services/health/samsungHealth/__tests__/samsungHealthClient.test.ts
PASS src/services/health/healthkit/__tests__/healthKitClient.test.ts
PASS src/ui/empty-states/__tests__/EmptyState.test.tsx
PASS src/components/community/__tests__/CompletionToast.reducedMotion.test.tsx
PASS src/__tests__/TimelineScreen.test.tsx
PASS src/screens/settings/__tests__/DataExportScreen.test.tsx
PASS src/services/health/healthkit/__tests__/healthKitSyncService.test.ts
PASS src/screens/__tests__/blockedUsersStore.test.ts
PASS src/services/health/healthConnect/__tests__/healthConnectSyncService.test.ts
PASS src/__tests__/testflightP0Blockers.test.ts
PASS src/__tests__/exerciseCatalog.test.tsx
PASS src/__tests__/Day1WinScreen.test.tsx
PASS src/services/__tests__/foodLogQueue.test.ts
PASS src/components/roman/__tests__/romanVoice.test.ts
PASS src/lib/__tests__/profileCompletion.test.ts
PASS src/hooks/useWearableSamples.test.tsx
PASS src/__tests__/foodMacros.test.ts
PASS src/hooks/__tests__/useFoodBrowse.test.ts
PASS src/lib/__tests__/finalizeLeanOnboarding.test.ts
PASS src/api/__tests__/wearableInsightsApi.test.ts
PASS src/screens/client/wearables/__tests__/ConnectionsScreen.test.tsx
PASS src/api/__tests__/messagesApi.test.ts
PASS src/api/wearablesConnectionsApi.test.ts
PASS src/__tests__/quietLuxuryDoctrine.test.ts
PASS src/screens/day-one/__tests__/day1OnboardingFlow.test.ts
PASS src/__tests__/bloodworkDisclaimerGate.test.tsx
PASS src/__tests__/biometricLockService.test.ts
PASS src/__tests__/PackageDetailSurface.preview.test.tsx
PASS src/screens/coach/__tests__/CoachBillingScreenUrlGuard.test.tsx
PASS src/services/__tests__/authActions.signOut.test.ts
PASS src/hooks/__tests__/useCoachEmptyStatePayload.test.tsx
PASS src/components/community/coach/__tests__/romanFaceAndConfirm.test.tsx
PASS src/__tests__/acceptInviteScreen.test.tsx
PASS src/services/__tests__/inviteFlow.test.ts
PASS src/__tests__/skeleton.test.tsx
PASS src/screens/client/wearables/__tests__/cards.test.tsx (27.797 s)
PASS src/__tests__/CoachPackageEditScreen.lockPreview.test.tsx
PASS src/__tests__/deliverablesApi.test.ts
PASS src/services/health/healthConnect/__tests__/healthConnectClient.test.ts
PASS src/screens/client/wearables/__tests__/FreshnessChip.test.tsx
PASS src/__tests__/PushPromptSheet.test.tsx
PASS src/hooks/__tests__/useWearableInsight.test.tsx
PASS src/services/health/healthConnect/__tests__/healthConnectIosNoop.test.ts
PASS src/api/__tests__/packageContentsApi.test.ts
PASS src/screens/client/wearables/__tests__/SleepRecoveryScreen.test.tsx
PASS src/screens/community/__tests__/coachCommunityInboxFlagOff.test.tsx
PASS src/screens/client/wearables/__tests__/ConnectProviderSheet.test.tsx
PASS src/ui/haptics/__tests__/haptics.service.test.ts
PASS src/__tests__/coachInvitesScreen.test.tsx
PASS src/screens/client/wearables/__tests__/WearablesShell.test.tsx
PASS src/__tests__/scopedTokenGate.test.ts
PASS src/screens/coach/client-detail/__tests__/SleepRecoveryTab.test.tsx
PASS src/screens/messaging/__tests__/ContactView.test.tsx
PASS src/api/__tests__/coachAiBudgetApi.contract.test.ts
PASS src/utils/__tests__/date.test.ts
PASS src/components/coach/ai-budget/__tests__/AIBudgetTutorialModal.test.tsx
PASS src/__tests__/bulkInviteScreen.test.tsx
PASS src/__tests__/darkMode.test.ts
PASS src/navigation/__tests__/linkingConfig.test.ts
PASS src/utils/__tests__/deepLink.test.ts
PASS src/screens/client/__tests__/FastingScreen.p0.test.ts
PASS src/services/health/__tests__/onDeviceConnect.test.ts
PASS src/screens/share/__tests__/share-card.test.tsx
PASS src/hooks/__tests__/useMacroTargets.test.ts
PASS src/navigation/__tests__/imessageDmRoutes.test.tsx
PASS src/navigation/__tests__/coachCommunityFlagOff.test.ts
PASS src/components/trust/__tests__/aiGatewayDisabledState.render.test.tsx
PASS src/components/coach/ai-budget/__tests__/AIBudgetMount.test.tsx
PASS src/__tests__/rootNavigatorCheckoutLink.test.tsx
PASS src/__tests__/CheckoutReturnScreen.success.test.tsx
PASS src/hooks/__tests__/useScheduling.test.ts
PASS src/hooks/useSamsungHealthSync.test.tsx
PASS src/__tests__/PackageCheckoutScreen.buyer.test.tsx
PASS src/__tests__/entitlementProvider.test.tsx
PASS src/navigation/__tests__/communityFlagOff.test.ts
PASS src/components/messaging/__tests__/ReportMessageSheet.test.tsx
PASS src/screens/__tests__/conciergePhase1.test.tsx
PASS src/__tests__/paywallSheet.test.tsx
PASS src/screens/client/wearables/charts/__tests__/RevolutGlowChart.test.tsx
PASS src/__tests__/bloodworkSignoff.test.ts
PASS src/screens/client/__tests__/MessagesScreenCache.test.ts
PASS src/__tests__/commandCenterNavigation.test.tsx
PASS src/__tests__/LeaderboardScreen.test.tsx
PASS src/__tests__/protectedScreenFailClosed.test.tsx
PASS src/hooks/useWearableConnections.test.tsx
PASS src/__tests__/talentMarketplace.test.tsx
PASS src/notifications/__tests__/push-channels.test.ts
PASS src/hooks/useHealthConnectSync.test.tsx
PASS src/__tests__/CrossPillarSurface.test.ts
PASS src/navigation/__tests__/romanFlagOff.test.ts
PASS src/components/trust/__tests__/aiGatewayDisabledState.copy.test.ts
PASS src/services/__tests__/secureStorage.test.ts
PASS src/screens/onboarding/__tests__/leanOnboardingFlow.test.ts
PASS src/screens/client/__tests__/FastingScreen.streak.test.ts
PASS src/components/community/coach/__tests__/relativeAge.test.ts
PASS src/hooks/__tests__/useAIBudget.test.tsx
PASS src/screens/coach/client-detail/__tests__/HealthFitnessTab.test.tsx
PASS src/api/__tests__/schedulingApi.test.ts
PASS src/utils/__tests__/appleAuth.test.ts
PASS src/utils/__tests__/stripeUrlValidator.test.ts
PASS src/__tests__/clientDailyMealPlanRouteParam.test.tsx
PASS src/services/__tests__/billingAndAccountApi.test.ts
PASS src/hooks/__tests__/useBiometricGate.test.ts
PASS src/navigation/__tests__/clientNavigator.test.ts
PASS src/components/__tests__/ForegroundNotificationBanner.test.tsx
PASS src/hooks/__tests__/useApi.weeklyVolume.test.ts
PASS src/hooks/__tests__/useHealthKitSync.test.tsx
PASS src/screens/client/wearables/__tests__/seriesSummary.test.ts
PASS src/__tests__/aiGatewayDtos.test.ts
PASS src/__tests__/wave11Doctrine.test.ts
PASS src/screenshots/__tests__/screenshotHarness.test.ts
PASS src/components/messaging/__tests__/MessageActionSheet.test.tsx
PASS src/utils/__tests__/authErrorMessage.test.ts
PASS src/screens/client/wearables/charts/__tests__/smoothPath.test.ts
PASS src/lib/__tests__/recentClients.test.ts
PASS src/services/support/__tests__/crisp.service.test.ts
PASS src/__tests__/pendingInviteCode.test.ts
PASS src/services/__tests__/queryClient.signout.test.ts
PASS src/screens/client/__tests__/ClientUpcomingSessionsScreen.test.ts
PASS src/screens/coach/__tests__/TeamManagementScreen.test.ts
PASS src/navigation/__tests__/day1OnboardingRouting.test.ts
PASS src/utils/__tests__/notifications.test.ts
PASS src/components/coach/ai-budget/__tests__/AIBudgetHardPauseModal.test.tsx
PASS src/api/types/__tests__/coachAIBudget.test.ts
PASS src/__tests__/bloodworkCopy.test.ts
PASS src/screens/client/wearables/__tests__/ProviderOverlapChips.test.tsx
PASS src/screens/client/wearables/__tests__/wearablesTheme.test.ts
PASS src/services/__tests__/queryClient.persister.test.ts
PASS src/screens/auth/__tests__/ResetPasswordScreen.test.ts
PASS src/screens/coach/__tests__/InviteCtaWiring.test.ts
PASS src/ui/charts/__tests__/TgpLineChart.test.ts
PASS src/screens/client/__tests__/homeMacroDisplay.test.ts
PASS src/screens/client/__tests__/ReportScreen.test.ts
PASS src/screens/client/wearables/__tests__/CalmSlowReveal.test.tsx
PASS src/analytics/__tests__/analytics.test.ts
PASS src/utils/__tests__/nutrition.test.ts
PASS src/screens/client/__tests__/PlanScreen.unified.test.ts
PASS ./App.test.tsx
PASS src/navigation/__tests__/coachNavigation.test.ts
PASS src/navigation/__tests__/deepLinkUtils.test.ts
PASS src/screens/client/wearables/__tests__/recoveryTheme.test.ts
PASS src/services/health/healthConnect/__tests__/healthConnectIngestApi.test.ts
PASS src/utils/__tests__/currency.test.ts
PASS src/screens/client/wearables/__tests__/ThreeRingHero.test.tsx
PASS src/services/__tests__/refreshQueue.test.ts
PASS src/utils/__tests__/date.bucketDateLocal.test.ts
PASS src/screens/client/wearables/__tests__/PhantomCalmBanner.test.tsx
PASS src/components/coach/ai-budget/__tests__/AIBudgetBanner.test.tsx
PASS src/screens/auth/__tests__/AuthCallbackScreen.test.ts
PASS src/config/__tests__/aiGatewayFlags.test.ts
PASS src/__tests__/bloodworkFeatureFlag.test.ts
PASS src/screens/coach/__tests__/CreditPackCheckoutScreen.test.ts
PASS src/screens/auth/__tests__/RoleSelectionScreen.test.ts
PASS src/screens/client/__tests__/EducationScreen.test.ts
PASS src/hooks/__tests__/useDebouncedValue.test.ts
PASS src/screens/client/__tests__/CoachGuidelinesScreen.test.ts
PASS src/screens/coach/cross-pillar/__tests__/PracticeSelectionFederation.test.ts
PASS src/screens/coach/__tests__/InviteCodesShare.test.ts
PASS src/hooks/__tests__/useNetworkStatus.test.ts
PASS src/__tests__/RiskDot.test.tsx
PASS src/config/__tests__/helpUrl.test.ts
PASS src/utils/__tests__/packageShare.test.ts
PASS src/utils/__tests__/aiGuideRemoval.test.ts

Test Suites: 212 passed, 212 total
Tests:       2459 passed, 2459 total
Snapshots:   5 passed, 5 total
Time:        268.681 s
Jest did not exit one second after the test run has completed.

'This usually means that there are asynchronous operations that weren't stopped in your tests. Consider running Jest with `--detectOpenHandles` to troubleshoot this issue.
