PASS src/hooks/__tests__/useCommunityEvents.test.tsx
  useCommunityEventsInfiniteList — keyset (before) pagination
    ✓ omits the cursor on page 1 and threads next_before into page 2 (121 ms)
    ✓ is disabled (no fetch) until a workspace id is known (2 ms)
  communityEventsKeys.list — request-shaping options
    ✓ includes limit so different page sizes do not share a cache entry (1 ms)
    ✓ separates state and cohort filters in the key (1 ms)
  isOptimisticEventId
    ✓ recognises provisional ids and rejects server ids
  useRsvpEvent — optimistic detail update + rollback
    ✓ optimistically sets viewer status and moves the count before settle (5 ms)
    ✓ rolls back to the prior snapshot when the server rejects (18 ms)
  useCreateEvent — optimistic insert + rollback
    ✓ inserts a provisional event at the top of the first page while in flight (4 ms)
    ✓ rolls back to the prior (empty) list when the server rejects (3 ms)

Test Suites: 1 passed, 1 total
Tests:       9 passed, 9 total
Snapshots:   0 total
Time:        5.596 s
Ran all test suites matching /useCommunityEvents|CoachCommunityEventsScreen/i.
Jest did not exit one second after the test run has completed.

'This usually means that there are asynchronous operations that weren't stopped in your tests. Consider running Jest with `--detectOpenHandles` to troubleshoot this issue.
